2022-12-10 09:43:09 INFO     =====================NEW RUN======================
2022-12-10 09:43:09 INFO     RNG seed set as 42
2022-12-10 09:43:09 INFO     Using mps device
2022-12-10 09:43:09 INFO     Training model with given config and opts...
2022-12-10 09:43:15 CRITICAL Model Parameters: 4,013,953
2022-12-10 09:43:15 DEBUG    Starting epoch 0...
2022-12-10 09:43:30 DEBUG    Epoch[0/20] Iter[0/235] Loss: 1.6212 Acc: 21.88%
2022-12-10 09:44:05 DEBUG    Epoch[0/20] Iter[20/235] Loss: 0.4437 Acc: 84.38%
2022-12-10 09:44:40 DEBUG    Epoch[0/20] Iter[40/235] Loss: 0.3149 Acc: 93.75%
2022-12-10 09:45:41 INFO     =====================NEW RUN======================
2022-12-10 09:45:41 INFO     RNG seed set as 42
2022-12-10 09:45:41 INFO     Using mps device
2022-12-10 09:45:41 INFO     Training model with given config and opts...
2022-12-10 09:45:44 CRITICAL Model Parameters: 4,013,953
2022-12-10 09:45:44 DEBUG    Starting epoch 0...
2022-12-10 09:45:46 DEBUG    Epoch[0/3] Iter[0/235] Loss: 1.6426 Acc: 6.25%
2022-12-10 09:46:22 DEBUG    Epoch[0/3] Iter[20/235] Loss: 0.2100 Acc: 96.88%
2022-12-10 09:46:57 DEBUG    Epoch[0/3] Iter[40/235] Loss: 0.2689 Acc: 90.62%
2022-12-10 09:47:36 DEBUG    Epoch[0/3] Iter[60/235] Loss: 0.4136 Acc: 84.38%
2022-12-10 09:48:12 DEBUG    Epoch[0/3] Iter[80/235] Loss: 0.1821 Acc: 93.75%
2022-12-10 09:48:47 DEBUG    Epoch[0/3] Iter[100/235] Loss: 0.5083 Acc: 87.50%
2022-12-10 09:49:23 DEBUG    Epoch[0/3] Iter[120/235] Loss: 0.2430 Acc: 96.88%
2022-12-10 09:50:00 DEBUG    Epoch[0/3] Iter[140/235] Loss: 0.3330 Acc: 87.50%
2022-12-10 09:50:36 DEBUG    Epoch[0/3] Iter[160/235] Loss: 0.3861 Acc: 87.50%
2022-12-10 09:51:12 DEBUG    Epoch[0/3] Iter[180/235] Loss: 0.1364 Acc: 96.88%
2022-12-10 09:51:48 DEBUG    Epoch[0/3] Iter[200/235] Loss: 0.5518 Acc: 81.25%
2022-12-10 09:52:25 DEBUG    Epoch[0/3] Iter[220/235] Loss: 0.1797 Acc: 93.75%
2022-12-10 09:55:04 DEBUG    ==================================================
2022-12-10 09:55:04 CRITICAL End of epoch 0 Time Taken: 428.44 + 131.94 = 560.38s
2022-12-10 09:55:04 CRITICAL Training loss: 0.1833 Training acc: 94.09%
2022-12-10 09:55:04 CRITICAL Testing loss: 0.4211 Testing acc: 86.04%
2022-12-10 09:55:04 DEBUG    ==================================================
2022-12-10 09:55:04 DEBUG    Starting epoch 1...
2022-12-10 09:55:06 DEBUG    Epoch[1/3] Iter[0/235] Loss: 0.1787 Acc: 90.62%
2022-12-10 09:55:41 DEBUG    Epoch[1/3] Iter[20/235] Loss: 0.2680 Acc: 93.75%
2022-12-10 09:56:16 DEBUG    Epoch[1/3] Iter[40/235] Loss: 0.5449 Acc: 84.38%
2022-12-10 09:56:50 DEBUG    Epoch[1/3] Iter[60/235] Loss: 0.1792 Acc: 93.75%
2022-12-10 09:57:25 DEBUG    Epoch[1/3] Iter[80/235] Loss: 0.3082 Acc: 87.50%
2022-12-10 09:58:00 DEBUG    Epoch[1/3] Iter[100/235] Loss: 0.5148 Acc: 84.38%
2022-12-10 09:58:34 DEBUG    Epoch[1/3] Iter[120/235] Loss: 0.1460 Acc: 93.75%
2022-12-10 09:59:09 DEBUG    Epoch[1/3] Iter[140/235] Loss: 0.1867 Acc: 93.75%
2022-12-10 09:59:44 DEBUG    Epoch[1/3] Iter[160/235] Loss: 0.2796 Acc: 87.50%
2022-12-10 10:00:19 DEBUG    Epoch[1/3] Iter[180/235] Loss: 0.2684 Acc: 90.62%
2022-12-10 10:00:55 DEBUG    Epoch[1/3] Iter[200/235] Loss: 0.1033 Acc: 96.88%
2022-12-10 10:01:31 DEBUG    Epoch[1/3] Iter[220/235] Loss: 0.0665 Acc: 96.88%
2022-12-10 10:04:07 DEBUG    ==================================================
2022-12-10 10:04:07 CRITICAL End of epoch 1 Time Taken: 410.95 + 132.14 = 543.09s
2022-12-10 10:04:07 CRITICAL Training loss: 0.0866 Training acc: 97.31%
2022-12-10 10:04:07 CRITICAL Testing loss: 0.3004 Testing acc: 90.47%
2022-12-10 10:04:07 DEBUG    ==================================================
2022-12-10 10:04:07 DEBUG    Starting epoch 2...
2022-12-10 10:04:09 DEBUG    Epoch[2/3] Iter[0/235] Loss: 0.0298 Acc: 100.00%
2022-12-10 10:04:44 DEBUG    Epoch[2/3] Iter[20/235] Loss: 0.1401 Acc: 93.75%
2022-12-10 10:05:21 DEBUG    Epoch[2/3] Iter[40/235] Loss: 0.1706 Acc: 96.88%
2022-12-10 10:05:56 DEBUG    Epoch[2/3] Iter[60/235] Loss: 0.2197 Acc: 90.62%
2022-12-10 10:06:32 DEBUG    Epoch[2/3] Iter[80/235] Loss: 0.3464 Acc: 96.88%
2022-12-10 10:07:08 DEBUG    Epoch[2/3] Iter[100/235] Loss: 0.0801 Acc: 96.88%
2022-12-10 10:07:43 DEBUG    Epoch[2/3] Iter[120/235] Loss: 0.1745 Acc: 90.62%
2022-12-10 10:08:17 DEBUG    Epoch[2/3] Iter[140/235] Loss: 0.1366 Acc: 100.00%
2022-12-10 10:08:51 DEBUG    Epoch[2/3] Iter[160/235] Loss: 0.0311 Acc: 100.00%
2022-12-10 10:09:26 DEBUG    Epoch[2/3] Iter[180/235] Loss: 0.0949 Acc: 96.88%
2022-12-10 10:10:04 DEBUG    Epoch[2/3] Iter[200/235] Loss: 0.1473 Acc: 93.75%
2022-12-10 10:10:41 DEBUG    Epoch[2/3] Iter[220/235] Loss: 0.2936 Acc: 96.88%
2022-12-10 10:13:16 DEBUG    ==================================================
2022-12-10 10:13:16 CRITICAL End of epoch 2 Time Taken: 417.56 + 131.44 = 549.00s
2022-12-10 10:13:16 CRITICAL Training loss: 0.0764 Training acc: 97.55%
2022-12-10 10:13:16 CRITICAL Testing loss: 0.2931 Testing acc: 88.92%
2022-12-10 10:13:16 DEBUG    ==================================================
2022-12-10 10:13:16 INFO     Model saved successfully!
2022-12-10 10:13:20 INFO     Experiment finished successfully!
2022-12-10 10:13:20 INFO     ====================END OF RUN====================
